Determining if the Q_WS_WIN exist failed with the following output:
Change Dir: /home/lee/code/chords/qt-cmake-gui-template/src-build/CMakeFiles/CMakeTmp

Run Build Command:/usr/bin/make "cmTryCompileExec497500632/fast"
/usr/bin/make -f CMakeFiles/cmTryCompileExec497500632.dir/build.make CMakeFiles/cmTryCompileExec497500632.dir/build
make[1]: Entering directory `/home/lee/code/chords/qt-cmake-gui-template/src-build/CMakeFiles/CMakeTmp'
/usr/bin/cmake -E cmake_progress_report /home/lee/code/chords/qt-cmake-gui-template/src-build/CMakeFiles/CMakeTmp/CMakeFiles 1
Building CXX object CMakeFiles/cmTryCompileExec497500632.dir/CheckSymbolExists.cxx.o
/usr/bin/c++    -I/usr/include/qt4    -o CMakeFiles/cmTryCompileExec497500632.dir/CheckSymbolExists.cxx.o -c /home/lee/code/chords/qt-cmake-gui-template/src-build/CMakeFiles/CMakeTmp/CheckSymbolExists.cxx
/home/lee/code/chords/qt-cmake-gui-template/src-build/CMakeFiles/CMakeTmp/CheckSymbolExists.cxx: In function ‘int main(int, char**)’:
/home/lee/code/chords/qt-cmake-gui-template/src-build/CMakeFiles/CMakeTmp/CheckSymbolExists.cxx:8:19: error: ‘Q_WS_WIN’ was not declared in this scope
   return ((int*)(&Q_WS_WIN))[argc];
                   ^
make[1]: *** [CMakeFiles/cmTryCompileExec497500632.dir/CheckSymbolExists.cxx.o] Error 1
make[1]: Leaving directory `/home/lee/code/chords/qt-cmake-gui-template/src-build/CMakeFiles/CMakeTmp'
make: *** [cmTryCompileExec497500632/fast] Error 2

File /home/lee/code/chords/qt-cmake-gui-template/src-build/CMakeFiles/CMakeTmp/CheckSymbolExists.cxx:
/* */
#include <QtCore/qglobal.h>

int main(int argc, char** argv)
{
  (void)argv;
#ifndef Q_WS_WIN
  return ((int*)(&Q_WS_WIN))[argc];
#else
  (void)argc;
  return 0;
#endif
}

Determining if the Q_WS_QWS exist failed with the following output:
Change Dir: /home/lee/code/chords/qt-cmake-gui-template/src-build/CMakeFiles/CMakeTmp

Run Build Command:/usr/bin/make "cmTryCompileExec1035843869/fast"
/usr/bin/make -f CMakeFiles/cmTryCompileExec1035843869.dir/build.make CMakeFiles/cmTryCompileExec1035843869.dir/build
make[1]: Entering directory `/home/lee/code/chords/qt-cmake-gui-template/src-build/CMakeFiles/CMakeTmp'
/usr/bin/cmake -E cmake_progress_report /home/lee/code/chords/qt-cmake-gui-template/src-build/CMakeFiles/CMakeTmp/CMakeFiles 1
Building CXX object CMakeFiles/cmTryCompileExec1035843869.dir/CheckSymbolExists.cxx.o
/usr/bin/c++    -I/usr/include/qt4    -o CMakeFiles/cmTryCompileExec1035843869.dir/CheckSymbolExists.cxx.o -c /home/lee/code/chords/qt-cmake-gui-template/src-build/CMakeFiles/CMakeTmp/CheckSymbolExists.cxx
/home/lee/code/chords/qt-cmake-gui-template/src-build/CMakeFiles/CMakeTmp/CheckSymbolExists.cxx: In function ‘int main(int, char**)’:
/home/lee/code/chords/qt-cmake-gui-template/src-build/CMakeFiles/CMakeTmp/CheckSymbolExists.cxx:8:19: error: ‘Q_WS_QWS’ was not declared in this scope
   return ((int*)(&Q_WS_QWS))[argc];
                   ^
make[1]: Leaving directory `/home/lee/code/chords/qt-cmake-gui-template/src-build/CMakeFiles/CMakeTmp'
make[1]: *** [CMakeFiles/cmTryCompileExec1035843869.dir/CheckSymbolExists.cxx.o] Error 1
make: *** [cmTryCompileExec1035843869/fast] Error 2

File /home/lee/code/chords/qt-cmake-gui-template/src-build/CMakeFiles/CMakeTmp/CheckSymbolExists.cxx:
/* */
#include <QtCore/qglobal.h>

int main(int argc, char** argv)
{
  (void)argv;
#ifndef Q_WS_QWS
  return ((int*)(&Q_WS_QWS))[argc];
#else
  (void)argc;
  return 0;
#endif
}

Determining if the Q_WS_MAC exist failed with the following output:
Change Dir: /home/lee/code/chords/qt-cmake-gui-template/src-build/CMakeFiles/CMakeTmp

Run Build Command:/usr/bin/make "cmTryCompileExec3615618142/fast"
/usr/bin/make -f CMakeFiles/cmTryCompileExec3615618142.dir/build.make CMakeFiles/cmTryCompileExec3615618142.dir/build
make[1]: Entering directory `/home/lee/code/chords/qt-cmake-gui-template/src-build/CMakeFiles/CMakeTmp'
/usr/bin/cmake -E cmake_progress_report /home/lee/code/chords/qt-cmake-gui-template/src-build/CMakeFiles/CMakeTmp/CMakeFiles 1
Building CXX object CMakeFiles/cmTryCompileExec3615618142.dir/CheckSymbolExists.cxx.o
/usr/bin/c++    -I/usr/include/qt4    -o CMakeFiles/cmTryCompileExec3615618142.dir/CheckSymbolExists.cxx.o -c /home/lee/code/chords/qt-cmake-gui-template/src-build/CMakeFiles/CMakeTmp/CheckSymbolExists.cxx
/home/lee/code/chords/qt-cmake-gui-template/src-build/CMakeFiles/CMakeTmp/CheckSymbolExists.cxx: In function ‘int main(int, char**)’:
/home/lee/code/chords/qt-cmake-gui-template/src-build/CMakeFiles/CMakeTmp/CheckSymbolExists.cxx:8:19: error: ‘Q_WS_MAC’ was not declared in this scope
   return ((int*)(&Q_WS_MAC))[argc];
                   ^
make[1]: *** [CMakeFiles/cmTryCompileExec3615618142.dir/CheckSymbolExists.cxx.o] Error 1
make[1]: Leaving directory `/home/lee/code/chords/qt-cmake-gui-template/src-build/CMakeFiles/CMakeTmp'
make: *** [cmTryCompileExec3615618142/fast] Error 2

File /home/lee/code/chords/qt-cmake-gui-template/src-build/CMakeFiles/CMakeTmp/CheckSymbolExists.cxx:
/* */
#include <QtCore/qglobal.h>

int main(int argc, char** argv)
{
  (void)argv;
#ifndef Q_WS_MAC
  return ((int*)(&Q_WS_MAC))[argc];
#else
  (void)argc;
  return 0;
#endif
}

